\BOOKMARK [0][]{nom.0}{Nomenklatur}{}% 1
\BOOKMARK [0][]{chapter.1}{1 Einleitung}{}% 2
\BOOKMARK [0][]{chapter.2}{2 Grundlagen}{}% 3
\BOOKMARK [1][]{section.2.1}{2.1 Austrittsarbeit}{chapter.2}% 4
\BOOKMARK [1][]{section.2.2}{2.2 Mechanismen der Photoemission}{chapter.2}% 5
\BOOKMARK [1][]{section.2.3}{2.3 Fowler-DuBridge-Theorie der Multiphoton-Photoemission}{chapter.2}% 6
\BOOKMARK [1][]{section.2.4}{2.4 Der Schottky-Effekt}{chapter.2}% 7
\BOOKMARK [0][]{chapter.3}{3 Experimentelle Vorgehensweise}{}% 8
\BOOKMARK [1][]{section.3.1}{3.1 Supressor-Extraktor Geometrie}{chapter.3}% 9
\BOOKMARK [1][]{section.3.2}{3.2 Intensit\344tsabh\344ngiger Photostrom}{chapter.3}% 10
\BOOKMARK [2][]{subsection.3.2.1}{3.2.1 Spannungsscan}{section.3.2}% 11
\BOOKMARK [1][]{section.3.3}{3.3 Laser}{chapter.3}% 12
\BOOKMARK [1][]{section.3.4}{3.4 Z\344hlalgorithmus der Elektronen}{chapter.3}% 13
\BOOKMARK [0][]{chapter.4}{4 Ergebnisse}{}% 14
\BOOKMARK [1][]{section.4.1}{4.1 Intensit\344tsabh\344ngigkeit}{chapter.4}% 15
\BOOKMARK [0][]{chapter.5}{5 Diskussion und Ausblick}{}% 16
\BOOKMARK [1][]{section.5.1}{5.1 Degradation der Spitze}{chapter.5}% 17
\BOOKMARK [1][]{section.5.2}{5.2 Stufen \040Gerade}{chapter.5}% 18
\BOOKMARK [1][]{section.5.3}{5.3 Die Elektronische Zustandsdichte}{chapter.5}% 19
\BOOKMARK [0][]{appendix.A}{A Anhang}{}% 20
